<?xml version="1.0" encoding="UTF-8"?>
<!-- Generated by org.testng.reporters.JUnitReportReporter -->
<testsuite hostname="DESKTOP-HHSPART" failures="0" tests="1" name="jsonurl.crmproregistration" time="19.688" errors="0" timestamp="05 Oct 2019 08:36:57 GMT" skipped="0">
  <testcase classname="jsonurl.crmproregistration" name="Registration" time="19.688"/>
</testsuite> <!-- jsonurl.crmproregistration -->
