<?xml version="1.0" encoding="UTF-8"?>
<!-- Generated by org.testng.reporters.JUnitReportReporter -->
<testsuite hostname="DESKTOP-HHSPART" failures="0" tests="1" name="jsonurl.JSONDataExample" time="23.866" errors="0" timestamp="01 Oct 2019 17:15:33 GMT" skipped="0">
  <testcase classname="jsonurl.JSONDataExample" name="login" time="23.866"/>
</testsuite> <!-- jsonurl.JSONDataExample -->
