<?xml version="1.0" encoding="UTF-8"?>
<!-- Generated by org.testng.reporters.JUnitReportReporter -->
<testsuite hostname="DESKTOP-HHSPART" failures="0" tests="1" name="basic.ViewableScreenshotExample" time="88.692" errors="0" timestamp="2019-10-14T00:34:32 IST" skipped="0">
  <testcase classname="basic.ViewableScreenshotExample" name="ScreenShot" time="88.692"/>
</testsuite> <!-- basic.ViewableScreenshotExample -->
