<?xml version="1.0" encoding="UTF-8"?>
<!-- Generated by org.testng.reporters.JUnitReportReporter -->
<testsuite hostname="DESKTOP-HHSPART" failures="0" tests="1" name="jsonurl.crmproLogin" time="35.803" errors="0" timestamp="02 Oct 2019 15:00:48 GMT" skipped="0">
  <testcase classname="jsonurl.crmproLogin" name="Registration" time="35.803"/>
</testsuite> <!-- jsonurl.crmproLogin -->
